<?xml version="1.0" encoding="UTF-8"?>
<!-- Generated by org.testng.reporters.JUnitReportReporter -->
<testsuite skipped="0" hostname="ITEM-S73637" name="practice.Assignment4" tests="1" failures="0" timestamp="29 Sep 2020 06:45:15 GMT" time="43.617" errors="0">
  <testcase name="main" time="43.617" classname="practice.Assignment4"/>
</testsuite> <!-- practice.Assignment4 -->
